<?xml version="1.0" encoding="UTF-8" ?>
<testsuite errors="0" failures="0" hostname="NODTBSL206AG" name="com.dineshonjava.algo.AppTestCases" skipped="0" tests="3" time="0.035" timestamp="2016-10-16T20:10:59">
  <properties>
[...]
</properties>
  <testcase classname="com.dineshonjava.algo.AppTestCases" name="add" time="0.001" />
  <testcase classname="com.dineshonjava.algo.AppTestCases" name="mult" time="0.0" />
  <testcase classname="com.dineshonjava.algo.AppTestCases" name="subs" time="0.0" />
  <system-out><![CDATA[]]></system-out>
  <system-err><![CDATA[]]></system-err>
</testsuite>
